{"contracts/Staker.sol":{"l":{"19":3,"23":3,"28":2,"29":2,"31":2,"32":2,"33":2,"37":4,"42":3,"47":1,"48":1},"path":"/Users/vishnuc/Documents/HardhatProjects/thaliExerciseTim/thali-erc20-exercise/packages/hardhat/contracts/Staker.sol","s":{"1":3,"2":3,"3":2,"4":2,"5":2,"6":2,"7":2,"8":4,"9":3,"10":1,"11":1},"b":{"1":[2,1],"2":[3,1],"3":[1,2]},"f":{"1":3,"2":3,"3":4},"fnMap":{"1":{"name":"constructor","line":18,"loc":{"start":{"line":18,"column":2},"end":{"line":20,"column":2}}},"2":{"name":"depositTokens","line":22,"loc":{"start":{"line":22,"column":2},"end":{"line":34,"column":2}}},"3":{"name":"withdrawTokens","line":36,"loc":{"start":{"line":36,"column":2},"end":{"line":49,"column":2}}}},"statementMap":{"1":{"start":{"line":19,"column":4},"end":{"line":19,"column":37}},"2":{"start":{"line":23,"column":4},"end":{"line":23,"column":545}},"3":{"start":{"line":28,"column":4},"end":{"line":28,"column":41}},"4":{"start":{"line":29,"column":4},"end":{"line":29,"column":24}},"5":{"start":{"line":31,"column":4},"end":{"line":31,"column":46}},"6":{"start":{"line":32,"column":4},"end":{"line":32,"column":49}},"7":{"start":{"line":33,"column":4},"end":{"line":33,"column":63}},"8":{"start":{"line":37,"column":4},"end":{"line":37,"column":971}},"9":{"start":{"line":42,"column":4},"end":{"line":42,"column":1074}},"10":{"start":{"line":47,"column":4},"end":{"line":47,"column":44}},"11":{"start":{"line":48,"column":4},"end":{"line":48,"column":40}}},"branchMap":{"1":{"line":23,"type":"if","locations":[{"start":{"line":23,"column":4},"end":{"line":23,"column":4}},{"start":{"line":23,"column":4},"end":{"line":23,"column":4}}]},"2":{"line":37,"type":"if","locations":[{"start":{"line":37,"column":4},"end":{"line":37,"column":4}},{"start":{"line":37,"column":4},"end":{"line":37,"column":4}}]},"3":{"line":42,"type":"if","locations":[{"start":{"line":42,"column":4},"end":{"line":42,"column":4}},{"start":{"line":42,"column":4},"end":{"line":42,"column":4}}]}}},"contracts/USDC.sol":{"l":{"10":6,"14":3},"path":"/Users/vishnuc/Documents/HardhatProjects/thaliExerciseTim/thali-erc20-exercise/packages/hardhat/contracts/USDC.sol","s":{"1":6,"2":3},"b":{},"f":{"1":6,"2":3},"fnMap":{"1":{"name":"constructor","line":9,"loc":{"start":{"line":9,"column":2},"end":{"line":11,"column":2}}},"2":{"name":"freeMint","line":13,"loc":{"start":{"line":13,"column":2},"end":{"line":15,"column":2}}}},"statementMap":{"1":{"start":{"line":10,"column":4},"end":{"line":10,"column":35}},"2":{"start":{"line":14,"column":4},"end":{"line":14,"column":28}}},"branchMap":{}}}