{"contracts/Multicall.sol":{"l":{"19":0,"20":0,"21":0,"22":0,"25":0,"26":0,"32":0,"40":0,"44":0,"48":0,"56":0,"60":0,"64":0},"path":"/Users/vishnuc/Documents/HardhatProjects/thaliExerciseTim/thali-erc20-exercise/packages/hardhat/contracts/Multicall.sol","s":{"1":0,"2":0,"3":0,"4":0,"5":0,"6":0,"7":0,"8":0,"9":0,"10":0,"11":0,"12":0,"13":0},"b":{"1":[0,0]},"f":{"1":0,"2":0,"3":0,"4":0,"5":0,"6":0,"7":0,"8":0},"fnMap":{"1":{"name":"aggregate","line":15,"loc":{"start":{"line":15,"column":2},"end":{"line":28,"column":2}}},"2":{"name":"getEthBalance","line":31,"loc":{"start":{"line":31,"column":2},"end":{"line":33,"column":2}}},"3":{"name":"getBlockHash","line":35,"loc":{"start":{"line":35,"column":2},"end":{"line":41,"column":2}}},"4":{"name":"getLastBlockHash","line":43,"loc":{"start":{"line":43,"column":2},"end":{"line":45,"column":2}}},"5":{"name":"getCurrentBlockTimestamp","line":47,"loc":{"start":{"line":47,"column":2},"end":{"line":49,"column":2}}},"6":{"name":"getCurrentBlockDifficulty","line":51,"loc":{"start":{"line":51,"column":2},"end":{"line":57,"column":2}}},"7":{"name":"getCurrentBlockGasLimit","line":59,"loc":{"start":{"line":59,"column":2},"end":{"line":61,"column":2}}},"8":{"name":"getCurrentBlockCoinbase","line":63,"loc":{"start":{"line":63,"column":2},"end":{"line":65,"column":2}}}},"statementMap":{"1":{"start":{"line":19,"column":4},"end":{"line":19,"column":29}},"2":{"start":{"line":20,"column":4},"end":{"line":20,"column":41}},"3":{"start":{"line":21,"column":4},"end":{"line":21,"column":568}},"4":{"start":{"line":22,"column":6},"end":{"line":22,"column":622}},"5":{"start":{"line":25,"column":6},"end":{"line":25,"column":21}},"6":{"start":{"line":26,"column":6},"end":{"line":26,"column":24}},"7":{"start":{"line":32,"column":4},"end":{"line":32,"column":25}},"8":{"start":{"line":40,"column":4},"end":{"line":40,"column":37}},"9":{"start":{"line":44,"column":4},"end":{"line":44,"column":42}},"10":{"start":{"line":48,"column":4},"end":{"line":48,"column":30}},"11":{"start":{"line":56,"column":4},"end":{"line":56,"column":32}},"12":{"start":{"line":60,"column":4},"end":{"line":60,"column":28}},"13":{"start":{"line":64,"column":4},"end":{"line":64,"column":28}}},"branchMap":{"1":{"line":25,"type":"if","locations":[{"start":{"line":25,"column":6},"end":{"line":25,"column":6}},{"start":{"line":25,"column":6},"end":{"line":25,"column":6}}]}}},"contracts/Staker.sol":{"l":{"19":3,"23":3,"28":2,"29":2,"31":2,"32":2,"33":2,"37":4,"42":3,"47":1,"48":1},"path":"/Users/vishnuc/Documents/HardhatProjects/thaliExerciseTim/thali-erc20-exercise/packages/hardhat/contracts/Staker.sol","s":{"1":3,"2":3,"3":2,"4":2,"5":2,"6":2,"7":2,"8":4,"9":3,"10":1,"11":1},"b":{"1":[2,1],"2":[3,1],"3":[1,2]},"f":{"1":3,"2":3,"3":4},"fnMap":{"1":{"name":"constructor","line":18,"loc":{"start":{"line":18,"column":2},"end":{"line":20,"column":2}}},"2":{"name":"depositTokens","line":22,"loc":{"start":{"line":22,"column":2},"end":{"line":34,"column":2}}},"3":{"name":"withdrawTokens","line":36,"loc":{"start":{"line":36,"column":2},"end":{"line":49,"column":2}}}},"statementMap":{"1":{"start":{"line":19,"column":4},"end":{"line":19,"column":37}},"2":{"start":{"line":23,"column":4},"end":{"line":23,"column":545}},"3":{"start":{"line":28,"column":4},"end":{"line":28,"column":41}},"4":{"start":{"line":29,"column":4},"end":{"line":29,"column":24}},"5":{"start":{"line":31,"column":4},"end":{"line":31,"column":46}},"6":{"start":{"line":32,"column":4},"end":{"line":32,"column":49}},"7":{"start":{"line":33,"column":4},"end":{"line":33,"column":63}},"8":{"start":{"line":37,"column":4},"end":{"line":37,"column":971}},"9":{"start":{"line":42,"column":4},"end":{"line":42,"column":1074}},"10":{"start":{"line":47,"column":4},"end":{"line":47,"column":44}},"11":{"start":{"line":48,"column":4},"end":{"line":48,"column":40}}},"branchMap":{"1":{"line":23,"type":"if","locations":[{"start":{"line":23,"column":4},"end":{"line":23,"column":4}},{"start":{"line":23,"column":4},"end":{"line":23,"column":4}}]},"2":{"line":37,"type":"if","locations":[{"start":{"line":37,"column":4},"end":{"line":37,"column":4}},{"start":{"line":37,"column":4},"end":{"line":37,"column":4}}]},"3":{"line":42,"type":"if","locations":[{"start":{"line":42,"column":4},"end":{"line":42,"column":4}},{"start":{"line":42,"column":4},"end":{"line":42,"column":4}}]}}},"contracts/USDC.sol":{"l":{"10":6,"14":3},"path":"/Users/vishnuc/Documents/HardhatProjects/thaliExerciseTim/thali-erc20-exercise/packages/hardhat/contracts/USDC.sol","s":{"1":6,"2":3},"b":{},"f":{"1":6,"2":3},"fnMap":{"1":{"name":"constructor","line":9,"loc":{"start":{"line":9,"column":2},"end":{"line":11,"column":2}}},"2":{"name":"freeMint","line":13,"loc":{"start":{"line":13,"column":2},"end":{"line":15,"column":2}}}},"statementMap":{"1":{"start":{"line":10,"column":4},"end":{"line":10,"column":35}},"2":{"start":{"line":14,"column":4},"end":{"line":14,"column":28}}},"branchMap":{}}}